# JRE version: OpenJDK Runtime Environment Corretto-17.0.11.9.1 (17.0.11+9) (build 17.0.11+9-LTS)
# Java VM: OpenJDK 64-Bit Server VM Corretto-17.0.11.9.1 (17.0.11+9-LTS, mixed mode, sharing, tiered, compressed oops, compressed class ptrs, g1 gc, windows-amd64)
GC Precious Log:
 CPUs: 8 total, 8 available
 Memory: 7986M
 Large Page Support: Disabled
 NUMA Support: Disabled
 Compressed Oops: Enabled (32-bit)
 Heap Region Size: 1M
 Heap Min Capacity: 8M
 Heap Initial Capacity: 126M
 Heap Max Capacity: 1998M
 Pre-touch: Disabled
 Parallel Workers: 8
 Concurrent Workers: 2
 Concurrent Refinement Workers: 8
 Periodic GC: Disabled
Heap:
 garbage-first heap   total 79872K, used 62968K [0x0000000083200000, 0x0000000100000000)
  region size 1024K, 25 young (25600K), 1 survivors (1024K)
 Metaspace       used 100942K, committed 101632K, reserved 1179648K
  class space    used 12995K, committed 13376K, reserved 1048576K
GC Heap History (20 events):
Event: 17277.575 GC heap before
{Heap before GC invocations=362 (full 0):
 garbage-first heap   total 79872K, used 67945K [0x0000000083200000, 0x0000000100000000)
  region size 1024K, 29 young (29696K), 1 survivors (1024K)
 Metaspace       used 100933K, committed 101632K, reserved 1179648K
  class space    used 12993K, committed 13376K, reserved 1048576K
}
Event: 17277.578 GC heap after
{Heap after GC invocations=363 (full 0):
 garbage-first heap   total 79872K, used 40376K [0x0000000083200000, 0x0000000100000000)
  region size 1024K, 1 young (1024K), 1 survivors (1024K)
 Metaspace       used 100933K, committed 101632K, reserved 1179648K
  class space    used 12993K, committed 13376K, reserved 1048576K
}
Event: 17310.618 GC heap before
{Heap before GC invocations=363 (full 0):
 garbage-first heap   total 79872K, used 68024K [0x0000000083200000, 0x0000000100000000)
  region size 1024K, 29 young (29696K), 1 survivors (1024K)
 Metaspace       used 100933K, committed 101632K, reserved 1179648K
  class space    used 12993K, committed 13376K, reserved 1048576K
}
Event: 17310.622 GC heap after
{Heap after GC invocations=364 (full 0):
 garbage-first heap   total 79872K, used 40373K [0x0000000083200000, 0x0000000100000000)
  region size 1024K, 1 young (1024K), 1 survivors (1024K)
 Metaspace       used 100933K, committed 101632K, reserved 1179648K
  class space    used 12993K, committed 13376K, reserved 1048576K
}
Event: 17344.599 GC heap before
{Heap before GC invocations=364 (full 0):
 garbage-first heap   total 79872K, used 68021K [0x0000000083200000, 0x0000000100000000)
  region size 1024K, 29 young (29696K), 1 survivors (1024K)
 Metaspace       used 100934K, committed 101632K, reserved 1179648K
  class space    used 12993K, committed 13376K, reserved 1048576K
}
Event: 17344.603 GC heap after
{Heap after GC invocations=365 (full 0):
 garbage-first heap   total 79872K, used 40352K [0x0000000083200000, 0x0000000100000000)
  region size 1024K, 1 young (1024K), 1 survivors (1024K)
 Metaspace       used 100934K, committed 101632K, reserved 1179648K
  class space    used 12993K, committed 13376K, reserved 1048576K
}
Event: 17378.577 GC heap before
{Heap before GC invocations=365 (full 0):
 garbage-first heap   total 79872K, used 68000K [0x0000000083200000, 0x0000000100000000)
  region size 1024K, 29 young (29696K), 1 survivors (1024K)
 Metaspace       used 100934K, committed 101632K, reserved 1179648K
  class space    used 12993K, committed 13376K, reserved 1048576K
}
Event: 17378.580 GC heap after
{Heap after GC invocations=366 (full 0):
 garbage-first heap   total 79872K, used 40405K [0x0000000083200000, 0x0000000100000000)
  region size 1024K, 1 young (1024K), 1 survivors (1024K)
 Metaspace       used 100934K, committed 101632K, reserved 1179648K
  class space    used 12993K, committed 13376K, reserved 1048576K
}
Event: 17412.585 GC heap before
{Heap before GC invocations=366 (full 0):
 garbage-first heap   total 79872K, used 68053K [0x0000000083200000, 0x0000000100000000)
  region size 1024K, 29 young (29696K), 1 survivors (1024K)
 Metaspace       used 100934K, committed 101632K, reserved 1179648K
  class space    used 12993K, committed 13376K, reserved 1048576K
}
Event: 17412.589 GC heap after
{Heap after GC invocations=367 (full 0):
 garbage-first heap   total 79872K, used 40392K [0x0000000083200000, 0x0000000100000000)
  region size 1024K, 1 young (1024K), 1 survivors (1024K)
 Metaspace       used 100934K, committed 101632K, reserved 1179648K
  class space    used 12993K, committed 13376K, reserved 1048576K
}
Event: 17446.574 GC heap before
{Heap before GC invocations=367 (full 0):
 garbage-first heap   total 79872K, used 68040K [0x0000000083200000, 0x0000000100000000)
  region size 1024K, 29 young (29696K), 1 survivors (1024K)
 Metaspace       used 100934K, committed 101632K, reserved 1179648K
  class space    used 12993K, committed 13376K, reserved 1048576K
}
Event: 17446.576 GC heap after
{Heap after GC invocations=368 (full 0):
 garbage-first heap   total 79872K, used 40397K [0x0000000083200000, 0x0000000100000000)
  region size 1024K, 1 young (1024K), 1 survivors (1024K)
 Metaspace       used 100934K, committed 101632K, reserved 1179648K
  class space    used 12993K, committed 13376K, reserved 1048576K
}
Event: 17480.582 GC heap before
{Heap before GC invocations=368 (full 0):
 garbage-first heap   total 79872K, used 68045K [0x0000000083200000, 0x0000000100000000)
  region size 1024K, 29 young (29696K), 1 survivors (1024K)
 Metaspace       used 100934K, committed 101632K, reserved 1179648K
  class space    used 12993K, committed 13376K, reserved 1048576K
}
Event: 17480.586 GC heap after
{Heap after GC invocations=369 (full 0):
 garbage-first heap   total 79872K, used 40388K [0x0000000083200000, 0x0000000100000000)
  region size 1024K, 1 young (1024K), 1 survivors (1024K)
 Metaspace       used 100934K, committed 101632K, reserved 1179648K
  class space    used 12993K, committed 13376K, reserved 1048576K
}
Event: 17514.580 GC heap before
{Heap before GC invocations=369 (full 0):
 garbage-first heap   total 79872K, used 68036K [0x0000000083200000, 0x0000000100000000)
  region size 1024K, 29 young (29696K), 1 survivors (1024K)
 Metaspace       used 100939K, committed 101632K, reserved 1179648K
  class space    used 12994K, committed 13376K, reserved 1048576K
}
Event: 17514.584 GC heap after
{Heap after GC invocations=370 (full 0):
 garbage-first heap   total 79872K, used 40393K [0x0000000083200000, 0x0000000100000000)
  region size 1024K, 1 young (1024K), 1 survivors (1024K)
 Metaspace       used 100939K, committed 101632K, reserved 1179648K
  class space    used 12994K, committed 13376K, reserved 1048576K
}
Event: 17548.568 GC heap before
{Heap before GC invocations=370 (full 0):
 garbage-first heap   total 79872K, used 68041K [0x0000000083200000, 0x0000000100000000)
  region size 1024K, 29 young (29696K), 1 survivors (1024K)
 Metaspace       used 100939K, committed 101632K, reserved 1179648K
  class space    used 12994K, committed 13376K, reserved 1048576K
}
Event: 17548.573 GC heap after
{Heap after GC invocations=371 (full 0):
 garbage-first heap   total 79872K, used 40341K [0x0000000083200000, 0x0000000100000000)
  region size 1024K, 1 young (1024K), 1 survivors (1024K)
 Metaspace       used 100939K, committed 101632K, reserved 1179648K
  class space    used 12994K, committed 13376K, reserved 1048576K
}
Event: 17580.585 GC heap before
{Heap before GC invocations=371 (full 0):
 garbage-first heap   total 79872K, used 67989K [0x0000000083200000, 0x0000000100000000)
  region size 1024K, 29 young (29696K), 1 survivors (1024K)
 Metaspace       used 100939K, committed 101632K, reserved 1179648K
  class space    used 12994K, committed 13376K, reserved 1048576K
}
Event: 17580.590 GC heap after
{Heap after GC invocations=372 (full 0):
 garbage-first heap   total 79872K, used 40440K [0x0000000083200000, 0x0000000100000000)
  region size 1024K, 1 young (1024K), 1 survivors (1024K)
 Metaspace       used 100939K, committed 101632K, reserved 1179648K
  class space    used 12994K, committed 13376K, reserved 1048576K
}

